<?xml version="1.0" encoding="UTF-8"?>
<!-- Generated by org.testng.reporters.JUnitReportReporter -->
<testsuite hostname="DESKTOP-954UE1D" failures="0" tests="1" name="day3.CookiesDemo" time="3.481" errors="0" timestamp="2023-12-31T17:25:54 IST" skipped="0">
  <testcase classname="day3.CookiesDemo" name="testGetCookies" time="3.481"/>
  <system-out/>
</testsuite> <!-- day3.CookiesDemo -->
