<?xml version="1.0" encoding="UTF-8"?>
<!-- Generated by org.testng.reporters.JUnitReportReporter -->
<testsuite hostname="DESKTOP-954UE1D" failures="0" tests="1" name="day3.PathAndQueryParameters" time="3.834" errors="0" timestamp="2023-12-31T16:06:14 IST" skipped="0">
  <testcase classname="day3.PathAndQueryParameters" name="testPathAndQueryParameters" time="3.834"/>
  <system-out/>
</testsuite> <!-- day3.PathAndQueryParameters -->
