<?xml version="1.0" encoding="UTF-8"?>
<!-- Generated by org.testng.reporters.JUnitReportReporter -->
<testsuite hostname="DESKTOP-954UE1D" failures="0" tests="4" name="day1.HTTPRequests" time="11.119" errors="0" timestamp="2023-12-30T01:03:35 IST" skipped="0">
  <testcase classname="day1.HTTPRequests" name="getRequstes" time="7.736"/>
  <system-out/>
  <testcase classname="day1.HTTPRequests" name="creatUser" time="2.064"/>
  <system-out/>
  <testcase classname="day1.HTTPRequests" name="updateUSer" time="0.819"/>
  <system-out/>
  <testcase classname="day1.HTTPRequests" name="deleteUser" time="0.500"/>
  <system-out/>
</testsuite> <!-- day1.HTTPRequests -->
