<?xml version="1.0" encoding="UTF-8"?>
<!-- Generated by org.testng.reporters.JUnitReportReporter -->
<testsuite hostname="DESKTOP-954UE1D" failures="0" tests="2" name="day3.HeaderDemo" time="6.371" errors="0" timestamp="2023-12-31T18:02:26 IST" skipped="0">
  <testcase classname="day3.HeaderDemo" name="getHeaders" time="5.127"/>
  <system-out/>
  <testcase classname="day3.HeaderDemo" name="testHeaders" time="1.244"/>
  <system-out/>
</testsuite> <!-- day3.HeaderDemo -->
